<?xml version="1.0" encoding="UTF-8"?>
<testsuite xmlns:xsi="http://www.w3.org/2001/XMLSchema-instance" xsi:noNamespaceSchemaLocation="https://maven.apache.org/surefire/maven-surefire-plugin/xsd/surefire-test-report.xsd" name="Test01" time="3.335" tests="3" errors="0" skipped="0" failures="0">
  <properties>
[...]
</properties>
  <testcase name="test1SaveClient" classname="Test01" time="3.223"/>
  <testcase name="test2LoadClient" classname="Test01" time="0"/>
  <testcase name="test3CreateClient" classname="Test01" time="0.08"/>
</testsuite>